#
# There is insufficient memory for the Java Runtime Environment to continue.
# Native memory allocation (mmap) failed to map 132120576 bytes. Error detail: G1 virtual space
# Possible reasons:
#   The system is out of physical RAM or swap space
#   This process is running with CompressedOops enabled, and the Java Heap may be blocking the growth of the native heap
# Possible solutions:
#   Reduce memory load on the system
#   Increase physical memory or swap space
#   Check if swap backing store is full
#   Decrease Java heap size (-Xmx/-Xms)
#   Decrease number of Java threads
#   Decrease Java thread stack sizes (-Xss)
#   Set larger code cache with -XX:ReservedCodeCacheSize=
#   JVM is running with Unscaled Compressed Oops mode in which the Java heap is
#     placed in the first 4GB address space. The Java Heap base address is the
#     maximum limit for the native heap growth. Please use -XX:HeapBaseMinAddress
#     to set the Java Heap base and to place the Java Heap above 4GB virtual address.
# This output file may be truncated or incomplete.
#
#  Out of Memory Error (os_windows.cpp:3631), pid=12228, tid=19016
#
# JRE version:  (22.0.1+8) (build )
# Java VM: Java HotSpot(TM) 64-Bit Server VM (22.0.1+8-16, mixed mode, sharing, tiered, compressed oops, compressed class ptrs, g1 gc, windows-amd64)
# No core dump will be written. Minidumps are not enabled by default on client versions of Windows
#

---------------  S U M M A R Y ------------

Command Line: --enable-preview -XX:+ShowCodeDetailsInExceptionMessages employee.managment.system.AddEmployee

Host: 11th Gen Intel(R) Core(TM) i5-1135G7 @ 2.40GHz, 8 cores, 7G,  Windows 11 , 64 bit Build 22621 (10.0.22621.3958)
Time: Fri Sep 27 00:41:43 2024 India Standard Time elapsed time: 0.008563 seconds (0d 0h 0m 0s)

---------------  T H R E A D  ---------------

Current thread (0x000001b9ec3f96a0):  JavaThread "Unknown thread" [_thread_in_vm, id=19016, stack(0x0000003dc7600000,0x0000003dc7700000) (1024K)]

Stack: [0x0000003dc7600000,0x0000003dc7700000]
Native frames: (J=compiled Java code, j=interpreted, Vv=VM code, C=native code)
V  [jvm.dll+0x6e2279]  (no source info available)
V  [jvm.dll+0x874e33]  (no source info available)
V  [jvm.dll+0x87725e]  (no source info available)
V  [jvm.dll+0x877933]  (no source info available)
V  [jvm.dll+0x27fd76]  (no source info available)
V  [jvm.dll+0x6de915]  (no source info available)
V  [jvm.dll+0x6d341a]  (no source info available)
V  [jvm.dll+0x3589da]  (no source info available)
V  [jvm.dll+0x360f06]  (no source info available)
V  [jvm.dll+0x3b3e2e]  (no source info available)
V  [jvm.dll+0x3b40d8]  (no source info available)
V  [jvm.dll+0x32c59c]  (no source info available)
V  [jvm.dll+0x32d158]  (no source info available)
V  [jvm.dll+0x83ccdc]  (no source info available)
V  [jvm.dll+0x3c0d71]  (no source info available)
V  [jvm.dll+0x825ccc]  (no source info available)
V  [jvm.dll+0x45b8fe]  (no source info available)
V  [jvm.dll+0x45d781]  (no source info available)
C  [jli.dll+0x52a3]  (no source info available)
C  [ucrtbase.dll+0x29333]  (no source info available)
C  [KERNEL32.DLL+0x1257d]  (no source info available)
C  [ntdll.dll+0x5af28]  (no source info available)


---------------  P R O C E S S  ---------------

Threads class SMR info:
_java_thread_list=0x00007ff8f2c8b1c8, length=0, elements={
}

Java Threads: ( => current thread )
Total: 0

Other Threads:
  0x000001b9ec44e5f0 WorkerThread "GC Thread#0"                     [id=14588, stack(0x0000003dc7700000,0x0000003dc7800000) (1024K)]
  0x000001b9ec45ff30 ConcurrentGCThread "G1 Main Marker"            [id=5172, stack(0x0000003dc7800000,0x0000003dc7900000) (1024K)]
  0x000001b9ec460bf0 WorkerThread "G1 Conc#0"                       [id=19084, stack(0x0000003dc7900000,0x0000003dc7a00000) (1024K)]

[error occurred during error reporting (printing all threads), id 0xc0000005, EXCEPTION_ACCESS_VIOLATION (0xc0000005) at pc=0x00007ff8f23df367]
VM state: not at safepoint (not fully initialized)

VM Mutex/Monitor currently owned by a thread:  ([mutex/lock_event])
[0x00007ff8f2d0bcb8] Heap_lock - owner thread: 0x000001b9ec3f96a0

Heap address: 0x0000000083600000, size: 1994 MB, Compressed Oops mode: 32-bit

CDS archive(s) mapped at: [0x0000000000000000-0x0000000000000000-0x0000000000000000), size 0, SharedBaseAddress: 0x0000000800000000, ArchiveRelocationMode: 1.
Narrow klass base: 0x0000000000000000, Narrow klass shift: 0, Narrow klass range: 0x0

GC Precious Log:
 CardTable entry size: 512
 Card Set container configuration: InlinePtr #cards 5 size 8 Array Of Cards #cards 12 size 40 Howl #buckets 4 coarsen threshold 1843 Howl Bitmap #cards 512 size 80 coarsen threshold 460 Card regions per heap region 1 cards per card region 2048

Heap:
 garbage-first heap   total reserved 2041856K, committed 0K, used 0K [0x0000000083600000, 0x0000000100000000)
  region size 1024K, 0 young (0K), 0 survivors (0K)

[error occurred during error reporting (printing heap information), id 0xc0000005, EXCEPTION_ACCESS_VIOLATION (0xc0000005) at pc=0x00007ff8f27de429]
GC Heap History (0 events):
No events

Dll operation events (1 events):
Event: 0.005 Loaded shared library C:\Program Files\Java\jdk-22\bin\java.dll

Deoptimization events (0 events):
No events

Classes loaded (0 events):
No events

Classes unloaded (0 events):
No events

Classes redefined (0 events):
No events

Internal exceptions (0 events):
No events

ZGC Phase Switch (0 events):
No events

VM Operations (0 events):
No events

Events (0 events):
No events


Dynamic libraries:
0x00007ff73bd80000 - 0x00007ff73bd90000 	C:\Program Files\Java\jdk-22\bin\java.exe
0x00007ff98c890000 - 0x00007ff98caa7000 	C:\WINDOWS\SYSTEM32\ntdll.dll
0x00007ff98bd10000 - 0x00007ff98bdd4000 	C:\WINDOWS\System32\KERNEL32.DLL
0x00007ff989df0000 - 0x00007ff98a19d000 	C:\WINDOWS\System32\KERNELBASE.dll
0x00007ff989be0000 - 0x00007ff989cf1000 	C:\WINDOWS\System32\ucrtbase.dll
0x00007ff911d90000 - 0x00007ff911dab000 	C:\Program Files\Java\jdk-22\bin\VCRUNTIME140.dll
0x00007ff911920000 - 0x00007ff911937000 	C:\Program Files\Java\jdk-22\bin\jli.dll
0x00007ff98c080000 - 0x00007ff98c132000 	C:\WINDOWS\System32\ADVAPI32.dll
0x00007ff98bc60000 - 0x00007ff98bd07000 	C:\WINDOWS\System32\msvcrt.dll
0x00007ff98b720000 - 0x00007ff98b7c9000 	C:\WINDOWS\System32\sechost.dll
0x00007ff98a310000 - 0x00007ff98a338000 	C:\WINDOWS\System32\bcrypt.dll
0x00007ff98c730000 - 0x00007ff98c844000 	C:\WINDOWS\System32\RPCRT4.dll
0x00007ff98b3f0000 - 0x00007ff98b59e000 	C:\WINDOWS\System32\USER32.dll
0x00007ff989bb0000 - 0x00007ff989bd6000 	C:\WINDOWS\System32\win32u.dll
0x00007ff96ac00000 - 0x00007ff96ae93000 	C:\WINDOWS\WinSxS\amd64_microsoft.windows.common-controls_6595b64144ccf1df_6.0.22621.3672_none_2713b9d173822955\COMCTL32.dll
0x00007ff98a790000 - 0x00007ff98a7b9000 	C:\WINDOWS\System32\GDI32.dll
0x00007ff98a4a0000 - 0x00007ff98a5b9000 	C:\WINDOWS\System32\gdi32full.dll
0x00007ff98a340000 - 0x00007ff98a3da000 	C:\WINDOWS\System32\msvcp_win.dll
0x00007ff97d8b0000 - 0x00007ff97d8ba000 	C:\WINDOWS\SYSTEM32\VERSION.dll
0x00007ff98bc20000 - 0x00007ff98bc51000 	C:\WINDOWS\System32\IMM32.DLL
0x00007ff95a3c0000 - 0x00007ff95a3cc000 	C:\Program Files\Java\jdk-22\bin\vcruntime140_1.dll
0x00007ff9083e0000 - 0x00007ff90846e000 	C:\Program Files\Java\jdk-22\bin\msvcp140.dll
0x00007ff8f20a0000 - 0x00007ff8f2de7000 	C:\Program Files\Java\jdk-22\bin\server\jvm.dll
0x00007ff98b5a0000 - 0x00007ff98b611000 	C:\WINDOWS\System32\WS2_32.dll
0x00007ff989430000 - 0x00007ff98947d000 	C:\WINDOWS\SYSTEM32\POWRPROF.dll
0x00007ff985b70000 - 0x00007ff985ba4000 	C:\WINDOWS\SYSTEM32\WINMM.dll
0x00007ff989410000 - 0x00007ff989423000 	C:\WINDOWS\SYSTEM32\UMPDC.dll
0x00007ff988c00000 - 0x00007ff988c18000 	C:\WINDOWS\SYSTEM32\kernel.appcore.dll
0x00007ff95a1d0000 - 0x00007ff95a1da000 	C:\Program Files\Java\jdk-22\bin\jimage.dll
0x00007ff987430000 - 0x00007ff987662000 	C:\WINDOWS\SYSTEM32\DBGHELP.DLL
0x00007ff98b030000 - 0x00007ff98b3be000 	C:\WINDOWS\System32\combase.dll
0x00007ff98bfa0000 - 0x00007ff98c077000 	C:\WINDOWS\System32\OLEAUT32.dll
0x00007ff985b30000 - 0x00007ff985b62000 	C:\WINDOWS\SYSTEM32\dbgcore.DLL
0x00007ff989d70000 - 0x00007ff989deb000 	C:\WINDOWS\System32\bcryptPrimitives.dll
0x00007ff9107b0000 - 0x00007ff9107ce000 	C:\Program Files\Java\jdk-22\bin\java.dll
0x00007ff98a7c0000 - 0x00007ff98b027000 	C:\WINDOWS\System32\SHELL32.dll
0x00007ff98b960000 - 0x00007ff98bb05000 	C:\WINDOWS\System32\ole32.dll

dbghelp: loaded successfully - version: 4.0.5 - missing functions: none
symbol engine: initialized successfully - sym options: 0x614 - pdb path: .;C:\Program Files\Java\jdk-22\bin;C:\WINDOWS\SYSTEM32;C:\WINDOWS\WinSxS\amd64_microsoft.windows.common-controls_6595b64144ccf1df_6.0.22621.3672_none_2713b9d173822955;C:\Program Files\Java\jdk-22\bin\server

VM Arguments:
jvm_args: --enable-preview -XX:+ShowCodeDetailsInExceptionMessages 
java_command: employee.managment.system.AddEmployee
java_class_path (initial): C:\Users\shriraj\AppData\Roaming\Code\User\workspaceStorage\778364163713c1b7cfc6d44d5ce09c19\redhat.java\jdt_ws\Employee Managment System_50eadb2a\bin;c:\jcalendar-tz-1.3.3-4.jar;c:\mysql-connector-java-8.0.28.jar
Launcher Type: SUN_STANDARD

[Global flags]
     intx CICompilerCount                          = 4                                         {product} {ergonomic}
     uint ConcGCThreads                            = 2                                         {product} {ergonomic}
     uint G1ConcRefinementThreads                  = 8                                         {product} {ergonomic}
   size_t G1HeapRegionSize                         = 1048576                                   {product} {ergonomic}
   size_t InitialHeapSize                          = 132120576                                 {product} {ergonomic}
   size_t MarkStackSize                            = 4194304                                   {product} {ergonomic}
   size_t MaxHeapSize                              = 2090860544                                {product} {ergonomic}
   size_t MinHeapDeltaBytes                        = 1048576                                   {product} {ergonomic}
   size_t MinHeapSize                              = 8388608                                   {product} {ergonomic}
    uintx NonNMethodCodeHeapSize                   = 5839372                                {pd product} {ergonomic}
    uintx NonProfiledCodeHeapSize                  = 122909434                              {pd product} {ergonomic}
    uintx ProfiledCodeHeapSize                     = 122909434                              {pd product} {ergonomic}
    uintx ReservedCodeCacheSize                    = 251658240                              {pd product} {ergonomic}
     bool SegmentedCodeCache                       = true                                      {product} {ergonomic}
     bool ShowCodeDetailsInExceptionMessages       = true                                   {manageable} {command line}
   size_t SoftMaxHeapSize                          = 2090860544                             {manageable} {ergonomic}
     bool UseCompressedOops                        = true                           {product lp64_product} {ergonomic}
     bool UseG1GC                                  = true                                      {product} {ergonomic}
     bool UseLargePagesIndividualAllocation        = false                                  {pd product} {ergonomic}

Logging:
Log output configuration:
 #0: stdout all=warning uptime,level,tags foldmultilines=false
 #1: stderr all=off uptime,level,tags foldmultilines=false

Environment Variables:
CLASSPATH=C:\mysql-connector-java-8.0.28.jar;.;
PATH=C:\Program Files\Microsoft MPI\Bin\;C:\Program Files\Common Files\Oracle\Java\javapath;C:\WINDOWS\system32;C:\WINDOWS;C:\WINDOWS\System32\Wbem;C:\WINDOWS\System32\WindowsPowerShell\v1.0\;C:\WINDOWS\System32\OpenSSH\;C:\Program Files\Java\jdk-22\bin;C:\Program Files\nodejs\;C:\Program Files (x86)\Microsoft SQL Server\160\Tools\Binn\;C:\Program Files\Microsoft SQL Server\160\Tools\Binn\;C:\Program Files\Microsoft SQL Server\Client SDK\ODBC\170\Tools\Binn\;C:\Program Files\Microsoft SQL Server\160\DTS\Binn\;C:\Program Files (x86)\Microsoft SQL Server\160\DTS\Binn\;C:\Program Files\Cloudflare\Cloudflare WARP\;C:\Program Files\Git\cmd;C:\Users\shriraj\AppData\Local\Programs\Python\Python312;C:\Users\shriraj\AppData\Local\Programs\Python\Python312\Scripts;C:\Program Files\MySQL\MySQL Shell 8.0\bin\;C:\Users\shriraj\AppData\Local\Microsoft\WindowsApps;C:\Program Files\JetBrains\IntelliJ IDEA 2023.2.3\bin;;C:\Program Files (x86)\Nmap;D:\VS CODE\bin;C:\Users\shriraj\AppData\Roaming\npm;
USERNAME=shriraj
LANG=en_US.UTF-8
OS=Windows_NT
PROCESSOR_IDENTIFIER=Intel64 Family 6 Model 140 Stepping 1, GenuineIntel
TMP=C:\Users\shriraj\AppData\Local\Temp
TEMP=C:\Users\shriraj\AppData\Local\Temp




Periodic native trim disabled

---------------  S Y S T E M  ---------------

OS:
 Windows 11 , 64 bit Build 22621 (10.0.22621.3958)
OS uptime: 0 days 2:51 hours

CPU: total 8 (initial active 8) (4 cores per cpu, 2 threads per core) family 6 model 140 stepping 1 microcode 0x8a, cx8, cmov, fxsr, ht, mmx, 3dnowpref, sse, sse2, sse3, ssse3, sse4.1, sse4.2, popcnt, lzcnt, tsc, tscinvbit, avx, avx2, aes, erms, clmul, bmi1, bmi2, adx, avx512f, avx512dq, avx512cd, avx512bw, avx512vl, sha, fma, vzeroupper, avx512_vpopcntdq, avx512_vpclmulqdq, avx512_vaes, avx512_vnni, clflush, clflushopt, clwb, avx512_vbmi2, avx512_vbmi, rdtscp, rdpid, fsrm, gfni, avx512_bitalg, f16c, pku, cet_ibt, cet_ss, avx512_ifma
Processor Information for all 8 processors :
  Max Mhz: 2419, Current Mhz: 2419, Mhz Limit: 2419

Memory: 4k page, system-wide physical 7975M (316M free)
TotalPageFile size 20775M (AvailPageFile size 85M)
current process WorkingSet (physical memory assigned to process): 12M, peak: 12M
current process commit charge ("private bytes"): 61M, peak: 186M

vm_info: Java HotSpot(TM) 64-Bit Server VM (22.0.1+8-16) for windows-amd64 JRE (22.0.1+8-16), built on 2024-03-12T10:33:16Z by "mach5one" with MS VC++ 17.6 (VS2022)

END.
